[2020-01-08 22:52:05] local.ERROR: ErrorException: Undefined variable: username in C:\BillingsApi\storage\framework\views\56c9139eac7541991bae8d3e78dc78a95fe63bd8.php:20
Stack trace:
#0 C:\BillingsApi\storage\framework\views\56c9139eac7541991bae8d3e78dc78a95fe63bd8.php(20): Laravel\Lumen\Application->Laravel\Lumen\Concerns\{closure}(8, 'Undefined varia...', 'C:\\BillingsApi\\...', 20, Array)
#1 C:\BillingsApi\vendor\illuminate\view\Engines\PhpEngine.php(43): include('C:\\BillingsApi\\...')
#2 C:\BillingsApi\vendor\illuminate\view\Engines\CompilerEngine.php(59): Illuminate\View\Engines\PhpEngine->evaluatePath('C:\\BillingsApi\\...', Array)
#3 C:\BillingsApi\vendor\illuminate\view\View.php(142): Illuminate\View\Engines\CompilerEngine->get('C:\\BillingsApi\\...', Array)
#4 C:\BillingsApi\vendor\illuminate\view\View.php(125): Illuminate\View\View->getContents()
#5 C:\BillingsApi\vendor\illuminate\view\View.php(90): Illuminate\View\View->renderContents()
#6 C:\BillingsApi\vendor\illuminate\http\Response.php(42): Illuminate\View\View->render()
#7 C:\BillingsApi\vendor\symfony\http-foundation\Response.php(202): Illuminate\Http\Response->setContent(Object(Illuminate\View\View))
#8 C:\BillingsApi\vendor\laravel\lumen-framework\src\Concerns\RoutesRequests.php(438): Symfony\Component\HttpFoundation\Response->__construct(Object(Illuminate\View\View))
#9 C:\BillingsApi\vendor\laravel\lumen-framework\src\Concerns\RoutesRequests.php(291): Laravel\Lumen\Application->prepareResponse(Object(Illuminate\View\View))
#10 C:\BillingsApi\vendor\laravel\lumen-framework\src\Concerns\RoutesRequests.php(265): Laravel\Lumen\Application->callActionOnArrayBasedRoute(Array)
#11 C:\BillingsApi\vendor\laravel\lumen-framework\src\Concerns\RoutesRequests.php(235): Laravel\Lumen\Application->handleFoundRoute(Array)
#12 C:\BillingsApi\vendor\laravel\lumen-framework\src\Concerns\RoutesRequests.php(169): Laravel\Lumen\Application->handleDispatcherResponse(Array)
#13 C:\BillingsApi\vendor\laravel\lumen-framework\src\Concerns\RoutesRequests.php(418): Laravel\Lumen\Application->Laravel\Lumen\Concerns\{closure}(Object(Laravel\Lumen\Http\Request))
#14 C:\BillingsApi\vendor\laravel\lumen-framework\src\Concerns\RoutesRequests.php(171): Laravel\Lumen\Application->sendThroughPipeline(Array, Object(Closure))
#15 C:\BillingsApi\vendor\laravel\lumen-framework\src\Concerns\RoutesRequests.php(108): Laravel\Lumen\Application->dispatch(NULL)
#16 C:\BillingsApi\public\index.php(28): Laravel\Lumen\Application->run()
#17 {main}

Next ErrorException: Undefined variable: username (View: C:\BillingsApi\resources\views\billing01.blade.php) in C:\BillingsApi\storage\framework\views\56c9139eac7541991bae8d3e78dc78a95fe63bd8.php:20
Stack trace:
#0 C:\BillingsApi\vendor\illuminate\view\Engines\PhpEngine.php(45): Illuminate\View\Engines\CompilerEngine->handleViewException(Object(ErrorException), 1)
#1 C:\BillingsApi\vendor\illuminate\view\Engines\CompilerEngine.php(59): Illuminate\View\Engines\PhpEngine->evaluatePath('C:\\BillingsApi\\...', Array)
#2 C:\BillingsApi\vendor\illuminate\view\View.php(142): Illuminate\View\Engines\CompilerEngine->get('C:\\BillingsApi\\...', Array)
#3 C:\BillingsApi\vendor\illuminate\view\View.php(125): Illuminate\View\View->getContents()
#4 C:\BillingsApi\vendor\illuminate\view\View.php(90): Illuminate\View\View->renderContents()
#5 C:\BillingsApi\vendor\illuminate\http\Response.php(42): Illuminate\View\View->render()
#6 C:\BillingsApi\vendor\symfony\http-foundation\Response.php(202): Illuminate\Http\Response->setContent(Object(Illuminate\View\View))
#7 C:\BillingsApi\vendor\laravel\lumen-framework\src\Concerns\RoutesRequests.php(438): Symfony\Component\HttpFoundation\Response->__construct(Object(Illuminate\View\View))
#8 C:\BillingsApi\vendor\laravel\lumen-framework\src\Concerns\RoutesRequests.php(291): Laravel\Lumen\Application->prepareResponse(Object(Illuminate\View\View))
#9 C:\BillingsApi\vendor\laravel\lumen-framework\src\Concerns\RoutesRequests.php(265): Laravel\Lumen\Application->callActionOnArrayBasedRoute(Array)
#10 C:\BillingsApi\vendor\laravel\lumen-framework\src\Concerns\RoutesRequests.php(235): Laravel\Lumen\Application->handleFoundRoute(Array)
#11 C:\BillingsApi\vendor\laravel\lumen-framework\src\Concerns\RoutesRequests.php(169): Laravel\Lumen\Application->handleDispatcherResponse(Array)
#12 C:\BillingsApi\vendor\laravel\lumen-framework\src\Concerns\RoutesRequests.php(418): Laravel\Lumen\Application->Laravel\Lumen\Concerns\{closure}(Object(Laravel\Lumen\Http\Request))
#13 C:\BillingsApi\vendor\laravel\lumen-framework\src\Concerns\RoutesRequests.php(171): Laravel\Lumen\Application->sendThroughPipeline(Array, Object(Closure))
#14 C:\BillingsApi\vendor\laravel\lumen-framework\src\Concerns\RoutesRequests.php(108): Laravel\Lumen\Application->dispatch(NULL)
#15 C:\BillingsApi\public\index.php(28): Laravel\Lumen\Application->run()
#16 {main} {"exception":"[object] (ErrorException(code: 0): Undefined variable: username (View: C:\\BillingsApi\esources\\views\\billing01.blade.php) at C:\\BillingsApi\\storage\\framework\\views\\56c9139eac7541991bae8d3e78dc78a95fe63bd8.php:20, ErrorException(code: 0): Undefined variable: username at C:\\BillingsApi\\storage\\framework\\views\\56c9139eac7541991bae8d3e78dc78a95fe63bd8.php:20)
[stacktrace]
#0 C:\\BillingsApi\\vendor\\illuminate\\view\\Engines\\PhpEngine.php(45): Illuminate\\View\\Engines\\CompilerEngine->handleViewException(Object(ErrorException), 1)
#1 C:\\BillingsApi\\vendor\\illuminate\\view\\Engines\\CompilerEngine.php(59): Illuminate\\View\\Engines\\PhpEngine->evaluatePath('C:\\\\BillingsApi\\\\...', Array)
#2 C:\\BillingsApi\\vendor\\illuminate\\view\\View.php(142): Illuminate\\View\\Engines\\CompilerEngine->get('C:\\\\BillingsApi\\\\...', Array)
#3 C:\\BillingsApi\\vendor\\illuminate\\view\\View.php(125): Illuminate\\View\\View->getContents()
#4 C:\\BillingsApi\\vendor\\illuminate\\view\\View.php(90): Illuminate\\View\\View->renderContents()
#5 C:\\BillingsApi\\vendor\\illuminate\\http\\Response.php(42): Illuminate\\View\\View->render()
#6 C:\\BillingsApi\\vendor\\symfony\\http-foundation\\Response.php(202): Illuminate\\Http\\Response->setContent(Object(Illuminate\\View\\View))
#7 C:\\BillingsApi\\vendor\\laravel\\lumen-framework\\src\\Concerns\\RoutesRequests.php(438): Symfony\\Component\\HttpFoundation\\Response->__construct(Object(Illuminate\\View\\View))
#8 C:\\BillingsApi\\vendor\\laravel\\lumen-framework\\src\\Concerns\\RoutesRequests.php(291): Laravel\\Lumen\\Application->prepareResponse(Object(Illuminate\\View\\View))
#9 C:\\BillingsApi\\vendor\\laravel\\lumen-framework\\src\\Concerns\\RoutesRequests.php(265): Laravel\\Lumen\\Application->callActionOnArrayBasedRoute(Array)
#10 C:\\BillingsApi\\vendor\\laravel\\lumen-framework\\src\\Concerns\\RoutesRequests.php(235): Laravel\\Lumen\\Application->handleFoundRoute(Array)
#11 C:\\BillingsApi\\vendor\\laravel\\lumen-framework\\src\\Concerns\\RoutesRequests.php(169): Laravel\\Lumen\\Application->handleDispatcherResponse(Array)
#12 C:\\BillingsApi\\vendor\\laravel\\lumen-framework\\src\\Concerns\\RoutesRequests.php(418): Laravel\\Lumen\\Application->Laravel\\Lumen\\Concerns\\{closure}(Object(Laravel\\Lumen\\Http\\Request))
#13 C:\\BillingsApi\\vendor\\laravel\\lumen-framework\\src\\Concerns\\RoutesRequests.php(171): Laravel\\Lumen\\Application->sendThroughPipeline(Array, Object(Closure))
#14 C:\\BillingsApi\\vendor\\laravel\\lumen-framework\\src\\Concerns\\RoutesRequests.php(108): Laravel\\Lumen\\Application->dispatch(NULL)
#15 C:\\BillingsApi\\public\\index.php(28): Laravel\\Lumen\\Application->run()
#16 {main}
"} 
