[2020-01-09 23:07:51] local.ERROR: ErrorException: Undefined variable: errors in C:\BillingsApi\storage\framework\views\eb239799d10893cd60770cc7c139b90d725e8478.php:70
Stack trace:
#0 C:\BillingsApi\storage\framework\views\eb239799d10893cd60770cc7c139b90d725e8478.php(70): Laravel\Lumen\Application->Laravel\Lumen\Concerns\{closure}(8, 'Undefined varia...', 'C:\\BillingsApi\\...', 70, Array)
#1 C:\BillingsApi\vendor\illuminate\view\Engines\PhpEngine.php(43): include('C:\\BillingsApi\\...')
#2 C:\BillingsApi\vendor\illuminate\view\Engines\CompilerEngine.php(59): Illuminate\View\Engines\PhpEngine->evaluatePath('C:\\BillingsApi\\...', Array)
#3 C:\BillingsApi\vendor\illuminate\view\View.php(142): Illuminate\View\Engines\CompilerEngine->get('C:\\BillingsApi\\...', Array)
#4 C:\BillingsApi\vendor\illuminate\view\View.php(125): Illuminate\View\View->getContents()
#5 C:\BillingsApi\vendor\illuminate\view\View.php(90): Illuminate\View\View->renderContents()
#6 C:\BillingsApi\vendor\illuminate\http\Response.php(42): Illuminate\View\View->render()
#7 C:\BillingsApi\vendor\symfony\http-foundation\Response.php(202): Illuminate\Http\Response->setContent(Object(Illuminate\View\View))
#8 C:\BillingsApi\vendor\laravel\lumen-framework\src\Concerns\RoutesRequests.php(438): Symfony\Component\HttpFoundation\Response->__construct(Object(Illuminate\View\View))
#9 C:\BillingsApi\vendor\laravel\lumen-framework\src\Concerns\RoutesRequests.php(378): Laravel\Lumen\Application->prepareResponse(Object(Illuminate\View\View))
#10 C:\BillingsApi\vendor\laravel\lumen-framework\src\Concerns\RoutesRequests.php(344): Laravel\Lumen\Application->callControllerCallable(Array, Array)
#11 C:\BillingsApi\vendor\laravel\lumen-framework\src\Concerns\RoutesRequests.php(318): Laravel\Lumen\Application->callLumenController(Object(App\Http\Controllers\BillingController), 'views', Array)
#12 C:\BillingsApi\vendor\laravel\lumen-framework\src\Concerns\RoutesRequests.php(280): Laravel\Lumen\Application->callControllerAction(Array)
#13 C:\BillingsApi\vendor\laravel\lumen-framework\src\Concerns\RoutesRequests.php(265): Laravel\Lumen\Application->callActionOnArrayBasedRoute(Array)
#14 C:\BillingsApi\vendor\laravel\lumen-framework\src\Concerns\RoutesRequests.php(165): Laravel\Lumen\Application->handleFoundRoute(Array)
#15 C:\BillingsApi\vendor\laravel\lumen-framework\src\Concerns\RoutesRequests.php(418): Laravel\Lumen\Application->Laravel\Lumen\Concerns\{closure}(Object(Laravel\Lumen\Http\Request))
#16 C:\BillingsApi\vendor\laravel\lumen-framework\src\Concerns\RoutesRequests.php(171): Laravel\Lumen\Application->sendThroughPipeline(Array, Object(Closure))
#17 C:\BillingsApi\vendor\laravel\lumen-framework\src\Concerns\RoutesRequests.php(108): Laravel\Lumen\Application->dispatch(NULL)
#18 C:\BillingsApi\public\index.php(28): Laravel\Lumen\Application->run()
#19 {main}

Next ErrorException: Undefined variable: errors (View: C:\BillingsApi\resources\views\billing.blade.php) in C:\BillingsApi\storage\framework\views\eb239799d10893cd60770cc7c139b90d725e8478.php:70
Stack trace:
#0 C:\BillingsApi\vendor\illuminate\view\Engines\PhpEngine.php(45): Illuminate\View\Engines\CompilerEngine->handleViewException(Object(ErrorException), 1)
#1 C:\BillingsApi\vendor\illuminate\view\Engines\CompilerEngine.php(59): Illuminate\View\Engines\PhpEngine->evaluatePath('C:\\BillingsApi\\...', Array)
#2 C:\BillingsApi\vendor\illuminate\view\View.php(142): Illuminate\View\Engines\CompilerEngine->get('C:\\BillingsApi\\...', Array)
#3 C:\BillingsApi\vendor\illuminate\view\View.php(125): Illuminate\View\View->getContents()
#4 C:\BillingsApi\vendor\illuminate\view\View.php(90): Illuminate\View\View->renderContents()
#5 C:\BillingsApi\vendor\illuminate\http\Response.php(42): Illuminate\View\View->render()
#6 C:\BillingsApi\vendor\symfony\http-foundation\Response.php(202): Illuminate\Http\Response->setContent(Object(Illuminate\View\View))
#7 C:\BillingsApi\vendor\laravel\lumen-framework\src\Concerns\RoutesRequests.php(438): Symfony\Component\HttpFoundation\Response->__construct(Object(Illuminate\View\View))
#8 C:\BillingsApi\vendor\laravel\lumen-framework\src\Concerns\RoutesRequests.php(378): Laravel\Lumen\Application->prepareResponse(Object(Illuminate\View\View))
#9 C:\BillingsApi\vendor\laravel\lumen-framework\src\Concerns\RoutesRequests.php(344): Laravel\Lumen\Application->callControllerCallable(Array, Array)
#10 C:\BillingsApi\vendor\laravel\lumen-framework\src\Concerns\RoutesRequests.php(318): Laravel\Lumen\Application->callLumenController(Object(App\Http\Controllers\BillingController), 'views', Array)
#11 C:\BillingsApi\vendor\laravel\lumen-framework\src\Concerns\RoutesRequests.php(280): Laravel\Lumen\Application->callControllerAction(Array)
#12 C:\BillingsApi\vendor\laravel\lumen-framework\src\Concerns\RoutesRequests.php(265): Laravel\Lumen\Application->callActionOnArrayBasedRoute(Array)
#13 C:\BillingsApi\vendor\laravel\lumen-framework\src\Concerns\RoutesRequests.php(165): Laravel\Lumen\Application->handleFoundRoute(Array)
#14 C:\BillingsApi\vendor\laravel\lumen-framework\src\Concerns\RoutesRequests.php(418): Laravel\Lumen\Application->Laravel\Lumen\Concerns\{closure}(Object(Laravel\Lumen\Http\Request))
#15 C:\BillingsApi\vendor\laravel\lumen-framework\src\Concerns\RoutesRequests.php(171): Laravel\Lumen\Application->sendThroughPipeline(Array, Object(Closure))
#16 C:\BillingsApi\vendor\laravel\lumen-framework\src\Concerns\RoutesRequests.php(108): Laravel\Lumen\Application->dispatch(NULL)
#17 C:\BillingsApi\public\index.php(28): Laravel\Lumen\Application->run()
#18 {main} {"exception":"[object] (ErrorException(code: 0): Undefined variable: errors (View: C:\\BillingsApi\esources\\views\\billing.blade.php) at C:\\BillingsApi\\storage\\framework\\views\\eb239799d10893cd60770cc7c139b90d725e8478.php:70, ErrorException(code: 0): Undefined variable: errors at C:\\BillingsApi\\storage\\framework\\views\\eb239799d10893cd60770cc7c139b90d725e8478.php:70)
[stacktrace]
#0 C:\\BillingsApi\\vendor\\illuminate\\view\\Engines\\PhpEngine.php(45): Illuminate\\View\\Engines\\CompilerEngine->handleViewException(Object(ErrorException), 1)
#1 C:\\BillingsApi\\vendor\\illuminate\\view\\Engines\\CompilerEngine.php(59): Illuminate\\View\\Engines\\PhpEngine->evaluatePath('C:\\\\BillingsApi\\\\...', Array)
#2 C:\\BillingsApi\\vendor\\illuminate\\view\\View.php(142): Illuminate\\View\\Engines\\CompilerEngine->get('C:\\\\BillingsApi\\\\...', Array)
#3 C:\\BillingsApi\\vendor\\illuminate\\view\\View.php(125): Illuminate\\View\\View->getContents()
#4 C:\\BillingsApi\\vendor\\illuminate\\view\\View.php(90): Illuminate\\View\\View->renderContents()
#5 C:\\BillingsApi\\vendor\\illuminate\\http\\Response.php(42): Illuminate\\View\\View->render()
#6 C:\\BillingsApi\\vendor\\symfony\\http-foundation\\Response.php(202): Illuminate\\Http\\Response->setContent(Object(Illuminate\\View\\View))
#7 C:\\BillingsApi\\vendor\\laravel\\lumen-framework\\src\\Concerns\\RoutesRequests.php(438): Symfony\\Component\\HttpFoundation\\Response->__construct(Object(Illuminate\\View\\View))
#8 C:\\BillingsApi\\vendor\\laravel\\lumen-framework\\src\\Concerns\\RoutesRequests.php(378): Laravel\\Lumen\\Application->prepareResponse(Object(Illuminate\\View\\View))
#9 C:\\BillingsApi\\vendor\\laravel\\lumen-framework\\src\\Concerns\\RoutesRequests.php(344): Laravel\\Lumen\\Application->callControllerCallable(Array, Array)
#10 C:\\BillingsApi\\vendor\\laravel\\lumen-framework\\src\\Concerns\\RoutesRequests.php(318): Laravel\\Lumen\\Application->callLumenController(Object(App\\Http\\Controllers\\BillingController), 'views', Array)
#11 C:\\BillingsApi\\vendor\\laravel\\lumen-framework\\src\\Concerns\\RoutesRequests.php(280): Laravel\\Lumen\\Application->callControllerAction(Array)
#12 C:\\BillingsApi\\vendor\\laravel\\lumen-framework\\src\\Concerns\\RoutesRequests.php(265): Laravel\\Lumen\\Application->callActionOnArrayBasedRoute(Array)
#13 C:\\BillingsApi\\vendor\\laravel\\lumen-framework\\src\\Concerns\\RoutesRequests.php(165): Laravel\\Lumen\\Application->handleFoundRoute(Array)
#14 C:\\BillingsApi\\vendor\\laravel\\lumen-framework\\src\\Concerns\\RoutesRequests.php(418): Laravel\\Lumen\\Application->Laravel\\Lumen\\Concerns\\{closure}(Object(Laravel\\Lumen\\Http\\Request))
#15 C:\\BillingsApi\\vendor\\laravel\\lumen-framework\\src\\Concerns\\RoutesRequests.php(171): Laravel\\Lumen\\Application->sendThroughPipeline(Array, Object(Closure))
#16 C:\\BillingsApi\\vendor\\laravel\\lumen-framework\\src\\Concerns\\RoutesRequests.php(108): Laravel\\Lumen\\Application->dispatch(NULL)
#17 C:\\BillingsApi\\public\\index.php(28): Laravel\\Lumen\\Application->run()
#18 {main}
"} 
